TN:
SF:C:/Users/E069595/Desktop/projectA/online-survey/src/polyfills.ts
FNF:0
FNH:0
DA:46,1
DA:73,1
LF:2
LH:2
BRF:0
BRH:0
end_of_record
TN:
SF:C:/Users/E069595/Desktop/projectA/online-survey/src/test.ts
FNF:0
FNH:0
DA:3,1
DA:4,1
DA:5,1
DA:13,1
DA:18,1
DA:20,1
LF:6
LH:6
BRF:0
BRH:0
end_of_record
TN:
SF:C:/Users/E069595/Desktop/projectA/online-survey/src/app/progress-bar/progress-bar.component.ts
FN:10,(anonymous_2)
FN:12,ProgressBarComponent
FN:14,(anonymous_4)
FN:15,(anonymous_5)
FN:18,(anonymous_6)
FN:22,(anonymous_7)
FNF:6
FNH:5
FNDA:1,(anonymous_2)
FNDA:2,ProgressBarComponent
FNDA:3,(anonymous_4)
FNDA:0,(anonymous_5)
FNDA:1,(anonymous_6)
FNDA:5,(anonymous_7)
DA:1,1
DA:2,1
DA:3,1
DA:10,1
DA:11,2
DA:12,2
DA:14,3
DA:15,3
DA:18,1
DA:19,1
DA:20,1
DA:21,1
DA:22,1
DA:23,5
DA:24,0
DA:27,1
DA:29,1
LF:17
LH:16
BRDA:23,0,0,0
BRDA:23,0,1,5
BRF:2
BRH:1
end_of_record
TN:
SF:C:/Users/E069595/Desktop/projectA/online-survey/src/app/summary/summary.component.ts
FN:9,(anonymous_2)
FN:13,SummaryComponent
FN:15,(anonymous_4)
FN:20,(anonymous_5)
FN:22,(anonymous_6)
FNF:5
FNH:5
FNDA:1,(anonymous_2)
FNDA:2,SummaryComponent
FNDA:3,(anonymous_4)
FNDA:5,(anonymous_5)
FNDA:25,(anonymous_6)
DA:1,1
DA:2,1
DA:9,1
DA:13,2
DA:15,1
DA:16,3
DA:17,3
DA:20,5
DA:21,5
DA:22,5
DA:23,25
DA:24,1
DA:28,1
LF:13
LH:13
BRDA:23,0,0,1
BRDA:23,0,1,24
BRF:2
BRH:2
end_of_record
TN:
SF:C:/Users/E069595/Desktop/projectA/online-survey/src/app/survey/survey.component.ts
FN:11,(anonymous_2)
FN:14,SurveyComponent
FN:21,(anonymous_4)
FN:22,(anonymous_5)
FN:27,(anonymous_6)
FN:33,(anonymous_7)
FNF:6
FNH:5
FNDA:1,(anonymous_2)
FNDA:3,SurveyComponent
FNDA:5,(anonymous_4)
FNDA:5,(anonymous_5)
FNDA:0,(anonymous_6)
FNDA:1,(anonymous_7)
DA:1,1
DA:2,1
DA:3,1
DA:4,1
DA:11,1
DA:15,3
DA:16,3
DA:17,3
DA:18,3
DA:21,5
DA:22,5
DA:23,5
DA:27,1
DA:28,0
DA:29,0
DA:33,1
DA:34,1
DA:35,1
DA:36,0
DA:37,0
DA:40,1
LF:21
LH:17
BRDA:28,0,0,0
BRDA:28,0,1,0
BRDA:34,1,0,1
BRDA:34,1,1,0
BRDA:36,2,0,0
BRDA:36,2,1,0
BRF:6
BRH:1
end_of_record
TN:
SF:C:/Users/E069595/Desktop/projectA/online-survey/src/app/survey/survey.service.ts
FN:6,(anonymous_2)
FN:10,SurveyService
FN:16,(anonymous_4)
FN:24,(anonymous_5)
FN:25,(anonymous_6)
FN:36,(anonymous_7)
FN:40,(anonymous_8)
FN:44,(anonymous_9)
FN:48,(anonymous_10)
FN:52,(anonymous_11)
FN:56,(anonymous_12)
FN:61,(anonymous_13)
FNF:12
FNH:10
FNDA:1,(anonymous_2)
FNDA:16,SurveyService
FNDA:0,(anonymous_4)
FNDA:5,(anonymous_5)
FNDA:20,(anonymous_6)
FNDA:8,(anonymous_7)
FNDA:1,(anonymous_8)
FNDA:3,(anonymous_9)
FNDA:1,(anonymous_10)
FNDA:7,(anonymous_11)
FNDA:6,(anonymous_12)
FNDA:0,(anonymous_13)
DA:1,1
DA:2,1
DA:3,1
DA:6,1
DA:7,16
DA:10,16
DA:11,16
DA:12,0
DA:14,16
DA:15,0
DA:16,0
DA:17,0
DA:24,1
DA:25,5
DA:26,20
DA:28,20
DA:29,0
DA:30,0
DA:32,5
DA:36,1
DA:37,8
DA:40,1
DA:41,1
DA:44,1
DA:45,3
DA:48,1
DA:49,1
DA:52,1
DA:53,7
DA:56,1
DA:57,6
DA:58,6
DA:61,1
DA:62,0
DA:63,0
DA:65,0
DA:66,0
DA:69,1
LF:38
LH:28
BRDA:11,0,0,0
BRDA:11,0,1,16
BRDA:14,1,0,0
BRDA:14,1,1,16
BRDA:28,2,0,20
BRDA:28,2,1,0
BRDA:29,3,0,0
BRDA:29,3,1,0
BRDA:45,4,0,3
BRDA:45,4,1,0
BRDA:49,5,0,1
BRDA:49,5,1,0
BRDA:58,6,0,1
BRDA:58,6,1,5
BRDA:62,7,0,0
BRDA:62,7,1,0
BRF:16
BRH:7
end_of_record
TN:
SF:C:/Users/E069595/Desktop/projectA/online-survey/src/assets/survey-mock.ts
FNF:0
FNH:0
DA:1,1
DA:37,1
LF:2
LH:2
BRF:0
BRH:0
end_of_record
